<html>
<head>
<title>TestNG:  Default test</title>
<link href="../testng.css" rel="stylesheet" type="text/css" />
<link href="../my-testng.css" rel="stylesheet" type="text/css" />

<style type="text/css">
.log { display: none;} 
.stack-trace { display: none;} 
</style>
<script type="text/javascript">
<!--
function flip(e) {
  current = e.style.display;
  if (current == 'block') {
    e.style.display = 'none';
    return 0;
  }
  else {
    e.style.display = 'block';
    return 1;
  }
}

function toggleBox(szDivId, elem, msg1, msg2)
{
  var res = -1;  if (document.getElementById) {
    res = flip(document.getElementById(szDivId));
  }
  else if (document.all) {
    // this is the way old msie versions work
    res = flip(document.all[szDivId]);
  }
  if(elem) {
    if(res == 0) elem.innerHTML = msg1; else elem.innerHTML = msg2;
  }

}

function toggleAllBoxes() {
  if (document.getElementsByTagName) {
    d = document.getElementsByTagName('div');
    for (i = 0; i < d.length; i++) {
      if (d[i].className == 'log') {
        flip(d[i]);
      }
    }
  }
}

// -->
</script>

</head>
<body>
<h2 align='center'>Default test</h2><table border='1' align="center">
<tr>
<td>Tests passed/Failed/Skipped:</td><td>8/1/0</td>
</tr><tr>
<td>Started on:</td><td>Mon Jan 22 19:07:37 IST 2024</td>
</tr>
<tr><td>Total time:</td><td>4 seconds (4241 ms)</td>
</tr><tr>
<td>Included groups:</td><td></td>
</tr><tr>
<td>Excluded groups:</td><td></td>
</tr>
</table><p/>
<small><i>(Hover the method name to see the test class name)</i></small><p/>
<table width='100%' border='1' class='invocation-failed'>
<tr><td colspan='4' align='center'><b>FAILED TESTS</b></td></tr>
<tr><td><b>Test method</b></td>
<td><b>Attribute(s)</b></td>
<td width="30%"><b>Exception</b></td>
<td width="10%"><b>Time (seconds)</b></td>
<td><b>Instance</b></td>
</tr>
<tr>
<td title='runner.RunCucumberTest.runScenario()'><b>runScenario</b><br>Test class: runner.RunCucumberTest<br>Test method: Runs Cucumber Scenarios<br>Parameters: "Verify the user is able to update the user details in partially", "Feature to test the patch functionality"</td>
<td><div><pre>java.lang.IllegalArgumentException: object cannot be null
	at java.base/jdk.internal.reflect.NativeConstructorAccessorImpl.newInstance0(Native Method)
	at java.base/jdk.internal.reflect.NativeConstructorAccessorImpl.newInstance(NativeConstructorAccessorImpl.java:77)
	at java.base/jdk.internal.reflect.DelegatingConstructorAccessorImpl.newInstance(DelegatingConstructorAccessorImpl.java:45)
	at java.base/java.lang.reflect.Constructor.newInstanceWithCaller(Constructor.java:499)
	at java.base/java.lang.reflect.Constructor.newInstance(Constructor.java:480)
	at org.codehaus.groovy.reflection.CachedConstructor.invoke(CachedConstructor.java:73)
	at org.codehaus.groovy.reflection.CachedConstructor.doConstructorInvoke(CachedConstructor.java:60)
	at org.codehaus.groovy.runtime.callsite.ConstructorSite$ConstructorSiteNoUnwrap.callConstructor(ConstructorSite.java:86)
	at org.codehaus.groovy.runtime.callsite.CallSiteArray.defaultCallConstructor(CallSiteArray.java:57)
	at org.codehaus.groovy.runtime.callsite.AbstractCallSite.callConstructor(AbstractCallSite.java:263)
	at org.codehaus.groovy.runtime.callsite.AbstractCallSite.callConstructor(AbstractCallSite.java:277)
	at io.restassured.internal.common.assertion.AssertParameter.notNull(AssertParameter.groovy:26)
	at io.restassured.internal.common.assertion.AssertParameter$notNull.callStatic(Unknown Source)
	at org.codehaus.groovy.runtime.callsite.CallSiteArray.defaultCallStatic(CallSiteArray.java:53)
	at org.codehaus.groovy.runtime.callsite.AbstractCallSite.callStatic(AbstractCallSite.java:217)
	at org.codehaus.groovy.runtime.callsite.AbstractCallSite.callStatic(AbstractCallSite.java:240)
	at io.restassured.internal.RequestSpecificationImpl.body(RequestSpecificationImpl.groovy:765)
	at core.APIHelper.hitAPI(APIHelper.java:63)
	at steps.PatchTypeDefinition.the_admin_user_submits_the_user_details_which_will_be_updated_in_partially(PatchTypeDefinition.java:38)
	at ✽.The admin user submits the user details which will be updated in partially(file:///C:/Users/hp/eclipse-workspace1/API_Framework3_New/src/test/resources/Patch.feature:5)
</pre></div><a href='#' onClick='toggleBox("stack-trace1778561580", this, "Click to show all stack frames", "Click to hide stack frames")'>Click to show all stack frames</a>
<div class='stack-trace' id='stack-trace1778561580'><pre>java.lang.IllegalArgumentException: object cannot be null
	at java.base/jdk.internal.reflect.NativeConstructorAccessorImpl.newInstance0(Native Method)
	at java.base/jdk.internal.reflect.NativeConstructorAccessorImpl.newInstance(NativeConstructorAccessorImpl.java:77)
	at java.base/jdk.internal.reflect.DelegatingConstructorAccessorImpl.newInstance(DelegatingConstructorAccessorImpl.java:45)
	at java.base/java.lang.reflect.Constructor.newInstanceWithCaller(Constructor.java:499)
	at java.base/java.lang.reflect.Constructor.newInstance(Constructor.java:480)
	at org.codehaus.groovy.reflection.CachedConstructor.invoke(CachedConstructor.java:73)
	at org.codehaus.groovy.reflection.CachedConstructor.doConstructorInvoke(CachedConstructor.java:60)
	at org.codehaus.groovy.runtime.callsite.ConstructorSite$ConstructorSiteNoUnwrap.callConstructor(ConstructorSite.java:86)
	at org.codehaus.groovy.runtime.callsite.CallSiteArray.defaultCallConstructor(CallSiteArray.java:57)
	at org.codehaus.groovy.runtime.callsite.AbstractCallSite.callConstructor(AbstractCallSite.java:263)
	at org.codehaus.groovy.runtime.callsite.AbstractCallSite.callConstructor(AbstractCallSite.java:277)
	at io.restassured.internal.common.assertion.AssertParameter.notNull(AssertParameter.groovy:26)
	at io.restassured.internal.common.assertion.AssertParameter$notNull.callStatic(Unknown Source)
	at org.codehaus.groovy.runtime.callsite.CallSiteArray.defaultCallStatic(CallSiteArray.java:53)
	at org.codehaus.groovy.runtime.callsite.AbstractCallSite.callStatic(AbstractCallSite.java:217)
	at org.codehaus.groovy.runtime.callsite.AbstractCallSite.callStatic(AbstractCallSite.java:240)
	at io.restassured.internal.RequestSpecificationImpl.body(RequestSpecificationImpl.groovy:765)
	at core.APIHelper.hitAPI(APIHelper.java:63)
	at steps.PatchTypeDefinition.the_admin_user_submits_the_user_details_which_will_be_updated_in_partially(PatchTypeDefinition.java:38)
	at ✽.The admin user submits the user details which will be updated in partially(file:///C:/Users/hp/eclipse-workspace1/API_Framework3_New/src/test/resources/Patch.feature:5)
</pre></div></td>
<td>1</td>
<td>runner.RunCucumberTest@7a35b0f5</td></tr>
</table><p>
<table width='100%' border='1' class='invocation-passed'>
<tr><td colspan='4' align='center'><b>PASSED TESTS</b></td></tr>
<tr><td><b>Test method</b></td>
<td><b>Attribute(s)</b></td>
<td width="30%"><b>Exception</b></td>
<td width="10%"><b>Time (seconds)</b></td>
<td><b>Instance</b></td>
</tr>
<tr>
<td title='runner.RunCucumberTest.runScenario()'><b>runScenario</b><br>Test class: runner.RunCucumberTest<br>Test method: Runs Cucumber Scenarios<br>Parameters: "Check if the admin user is able to delete user details successfully", "Feature to test the Delete User functionality"</td>
<td></td>
<td>3</td>
<td>runner.RunCucumberTest@7a35b0f5</td></tr>
<tr>
<td title='runner.RunCucumberTest.runScenario()'><b>runScenario</b><br>Test class: runner.RunCucumberTest<br>Test method: Runs Cucumber Scenarios<br>Parameters: "Check if the admin user is able to get user details successfully", "Feature to test the get functionality"</td>
<td></td>
<td>2</td>
<td>runner.RunCucumberTest@7a35b0f5</td></tr>
<tr>
<td title='runner.RunCucumberTest.runScenario()'><b>runScenario</b><br>Test class: runner.RunCucumberTest<br>Test method: Runs Cucumber Scenarios<br>Parameters: "Check if the admin user is able to create a user successfully", "Feature to test the post functionality"</td>
<td></td>
<td>3</td>
<td>runner.RunCucumberTest@7a35b0f5</td></tr>
<tr>
<td title='runner.RunCucumberTest.runScenario()'><b>runScenario</b><br>Test class: runner.RunCucumberTest<br>Test method: Runs Cucumber Scenarios<br>Parameters: "Check if the admin user is able to create a user using another method", "Feature to test the post functionality"</td>
<td></td>
<td>3</td>
<td>runner.RunCucumberTest@7a35b0f5</td></tr>
<tr>
<td title='runner.RunCucumberTest.runScenario()'><b>runScenario</b><br>Test class: runner.RunCucumberTest<br>Test method: Runs Cucumber Scenarios<br>Parameters: "Verify the user is able to get single user details successfully", "Feature to test the get functionality"</td>
<td></td>
<td>2</td>
<td>runner.RunCucumberTest@7a35b0f5</td></tr>
<tr>
<td title='runner.RunCucumberTest.runScenario()'><b>runScenario</b><br>Test class: runner.RunCucumberTest<br>Test method: Runs Cucumber Scenarios<br>Parameters: "Verify the register unsuccessfull", "Feature to test the post functionality"</td>
<td></td>
<td>3</td>
<td>runner.RunCucumberTest@7a35b0f5</td></tr>
<tr>
<td title='runner.RunCucumberTest.runScenario()'><b>runScenario</b><br>Test class: runner.RunCucumberTest<br>Test method: Runs Cucumber Scenarios<br>Parameters: "Verify the user is able to update the user details", "Feature to test the put functionality"</td>
<td></td>
<td>3</td>
<td>runner.RunCucumberTest@7a35b0f5</td></tr>
<tr>
<td title='runner.RunCucumberTest.runScenario()'><b>runScenario</b><br>Test class: runner.RunCucumberTest<br>Test method: Runs Cucumber Scenarios<br>Parameters: "Check if the admin user is not able to see single user", "Feature to test the get functionality"</td>
<td></td>
<td>2</td>
<td>runner.RunCucumberTest@7a35b0f5</td></tr>
</table><p>
</body>
</html>