<?xml version="1.0" encoding="UTF-8"?>
<!-- Generated by org.testng.reporters.JUnitReportReporter -->
<testsuite hostname="LAPTOP-JF6MUSMN" failures="0" tests="9" name="runner.RunCucumberTest" time="25.689" errors="1" timestamp="2024-01-22T19:07:44 IST" skipped="0">
  <testcase classname="runner.RunCucumberTest" name="runScenario" time="3.068"/>
  <system-out/>
  <testcase classname="runner.RunCucumberTest" name="runScenario" time="2.760"/>
  <system-out/>
  <testcase classname="runner.RunCucumberTest" name="runScenario" time="3.378"/>
  <system-out/>
  <testcase classname="runner.RunCucumberTest" name="runScenario" time="3.376"/>
  <system-out/>
  <testcase classname="runner.RunCucumberTest" name="runScenario" time="2.697"/>
  <system-out/>
  <testcase classname="runner.RunCucumberTest" name="runScenario" time="3.376"/>
  <system-out/>
  <testcase classname="runner.RunCucumberTest" name="runScenario" time="3.067"/>
  <system-out/>
  <testcase classname="runner.RunCucumberTest" name="runScenario" time="2.697"/>
  <system-out/>
  <testcase classname="runner.RunCucumberTest" name="runScenario" time="1.270">
    <error message="object cannot be null" type="java.lang.IllegalArgumentException">
      <![CDATA[java.lang.IllegalArgumentException: object cannot be null
at java.base/jdk.internal.reflect.NativeConstructorAccessorImpl.newInstance0(Native Method)
at java.base/jdk.internal.reflect.NativeConstructorAccessorImpl.newInstance(NativeConstructorAccessorImpl.java:77)
at java.base/jdk.internal.reflect.DelegatingConstructorAccessorImpl.newInstance(DelegatingConstructorAccessorImpl.java:45)
at java.base/java.lang.reflect.Constructor.newInstanceWithCaller(Constructor.java:499)
at java.base/java.lang.reflect.Constructor.newInstance(Constructor.java:480)
at org.codehaus.groovy.reflection.CachedConstructor.invoke(CachedConstructor.java:73)
at org.codehaus.groovy.reflection.CachedConstructor.doConstructorInvoke(CachedConstructor.java:60)
at org.codehaus.groovy.runtime.callsite.ConstructorSite$ConstructorSiteNoUnwrap.callConstructor(ConstructorSite.java:86)
at org.codehaus.groovy.runtime.callsite.CallSiteArray.defaultCallConstructor(CallSiteArray.java:57)
at org.codehaus.groovy.runtime.callsite.AbstractCallSite.callConstructor(AbstractCallSite.java:263)
at org.codehaus.groovy.runtime.callsite.AbstractCallSite.callConstructor(AbstractCallSite.java:277)
at io.restassured.internal.common.assertion.AssertParameter.notNull(AssertParameter.groovy:26)
at io.restassured.internal.common.assertion.AssertParameter$notNull.callStatic(Unknown Source)
at org.codehaus.groovy.runtime.callsite.CallSiteArray.defaultCallStatic(CallSiteArray.java:53)
at org.codehaus.groovy.runtime.callsite.AbstractCallSite.callStatic(AbstractCallSite.java:217)
at org.codehaus.groovy.runtime.callsite.AbstractCallSite.callStatic(AbstractCallSite.java:240)
at io.restassured.internal.RequestSpecificationImpl.body(RequestSpecificationImpl.groovy:765)
at core.APIHelper.hitAPI(APIHelper.java:63)
at steps.PatchTypeDefinition.the_admin_user_submits_the_user_details_which_will_be_updated_in_partially(PatchTypeDefinition.java:38)
at âœ½.The admin user submits the user details which will be updated in partially(file:///C:/Users/hp/eclipse-workspace1/API_Framework3_New/src/test/resources/Patch.feature:5)
]]>
    </error>
  </testcase> <!-- runScenario -->
  <system-out/>
</testsuite> <!-- runner.RunCucumberTest -->
